<?xml version="1.0" encoding="UTF-8"?>
<!-- Generated by org.testng.reporters.JUnitReportReporter -->
<testsuite hostname="Lenovo55" failures="0" tests="3" name="com.learning.OrangeHRMTest" time="18.625" errors="0" timestamp="2024-06-29T20:27:54 IST" skipped="0">
  <testcase classname="com.learning.OrangeHRMTest" name="testAdmin" time="1.795"/>
  <testcase classname="com.learning.OrangeHRMTest" name="login" time="15.853"/>
  <testcase classname="com.learning.OrangeHRMTest" name="testLogout" time="0.977"/>
</testsuite> <!-- com.learning.OrangeHRMTest -->
